{
  "0 debug pnpm:scope": {
    "selected": 1
  },
  "1 debug pnpm:package-manifest": {
    "initial": {
      "name": "my-clii-template",
      "version": "1.0.0",
      "description": "",
      "main": "index.js",
      "scripts": {
        "test": "echo \"Error: no test specified\" && exit 1"
      },
      "keywords": [],
      "author": "",
      "license": "ISC"
    },
    "prefix": "/Users/cashon/Documents/study/my-clii-template"
  },
  "2 debug pnpm:context": {
    "currentLockfileExists": false,
    "storeDir": "/Users/cashon/.pnpm-store/v3",
    "virtualStoreDir": "/Users/cashon/Documents/study/my-clii-template/node_modules/.pnpm"
  },
  "3 debug pnpm:stage": {
    "prefix": "/Users/cashon/Documents/study/my-clii-template",
    "stage": "resolution_started"
  },
  "4 error pnpm": {
    "code": "ERR_PNPM_FETCH_404",
    "hint": "eslinit is not in the npm registry, or you have no permission to fetch it.\n\nNo authorization header was set for the request.",
    "request": {
      "url": "https://registry.yarnpkg.com/eslinit"
    },
    "response": {
      "size": 0
    },
    "pkgName": "eslinit",
    "pkgsStack": [],
    "err": {
      "name": "pnpm",
      "message": "GET https://registry.yarnpkg.com/eslinit: Not Found - 404",
      "code": "ERR_PNPM_FETCH_404",
      "stack": "pnpm: GET https://registry.yarnpkg.com/eslinit: Not Found - 404\n    at RetryOperation._fn (/Users/cashon/.nvm/versions/node/v14.18.1/lib/node_modules/pnpm/dist/pnpm.cjs:85455:19)\n    at processTicksAndRejections (internal/process/task_queues.js:95:5)"
    }
  }
}